;;; TOOL: run-interp-spec
;;; STDIN_FILE: third_party/testsuite/br.wast
(;; STDOUT ;;;
out/test/spec/br.wast:420: assert_invalid passed:
  error: type mismatch in br, expected [i32] but got []
  000001c: error: OnBrExpr callback failed
out/test/spec/br.wast:427: assert_invalid passed:
  error: type mismatch in br, expected [i32] but got []
  000001d: error: OnBrExpr callback failed
out/test/spec/br.wast:433: assert_invalid passed:
  error: type mismatch in br, expected [i32] but got []
  0000020: error: OnBrExpr callback failed
out/test/spec/br.wast:439: assert_invalid passed:
  error: type mismatch in br, expected [i32] but got [i64]
  000001e: error: OnBrExpr callback failed
out/test/spec/br.wast:446: assert_invalid passed:
  error: type mismatch in br, expected [i32] but got []
  000001b: error: OnBrExpr callback failed
out/test/spec/br.wast:455: assert_invalid passed:
  error: type mismatch in br, expected [i32] but got []
  000001d: error: OnBrExpr callback failed
out/test/spec/br.wast:465: assert_invalid passed:
  error: type mismatch in br, expected [i32] but got []
  0000021: error: OnBrExpr callback failed
out/test/spec/br.wast:477: assert_invalid passed:
  error: type mismatch in br, expected [i32] but got []
  0000024: error: OnBrExpr callback failed
out/test/spec/br.wast:492: assert_invalid passed:
  error: invalid depth: 1 (max 0)
  0000019: error: OnBrExpr callback failed
out/test/spec/br.wast:496: assert_invalid passed:
  error: invalid depth: 5 (max 2)
  000001d: error: OnBrExpr callback failed
out/test/spec/br.wast:500: assert_invalid passed:
  error: invalid depth: 268435457 (max 0)
  000001d: error: OnBrExpr callback failed
74/74 tests passed.
;;; STDOUT ;;)
