;;; TOOL: run-interp-spec
;;; STDIN_FILE: third_party/testsuite/local_set.wast
(;; STDOUT ;;;
out/test/spec/local_set.wast:148: assert_invalid passed:
  error: type mismatch in local.set, expected [i32] but got []
  000001c: error: OnLocalSetExpr callback failed
out/test/spec/local_set.wast:152: assert_invalid passed:
  error: type mismatch in local.set, expected [i32] but got [f32]
  0000020: error: OnLocalSetExpr callback failed
out/test/spec/local_set.wast:156: assert_invalid passed:
  error: type mismatch in local.set, expected [f32] but got [f64]
  0000024: error: OnLocalSetExpr callback failed
out/test/spec/local_set.wast:160: assert_invalid passed:
  error: type mismatch in local.set, expected [i64] but got [f64]
  0000026: error: OnLocalSetExpr callback failed
out/test/spec/local_set.wast:169: assert_invalid passed:
  error: type mismatch in local.set, expected [i32] but got []
  000001b: error: OnLocalSetExpr callback failed
out/test/spec/local_set.wast:173: assert_invalid passed:
  error: type mismatch in local.set, expected [i32] but got [f32]
  000001f: error: OnLocalSetExpr callback failed
out/test/spec/local_set.wast:177: assert_invalid passed:
  error: type mismatch in local.set, expected [f32] but got [f64]
  0000023: error: OnLocalSetExpr callback failed
out/test/spec/local_set.wast:181: assert_invalid passed:
  error: type mismatch in local.set, expected [i64] but got [f64]
  0000024: error: OnLocalSetExpr callback failed
out/test/spec/local_set.wast:186: assert_invalid passed:
  error: type mismatch in implicit return, expected [i32] but got []
  000001e: error: EndFunctionBody callback failed
out/test/spec/local_set.wast:190: assert_invalid passed:
  error: type mismatch in implicit return, expected [i64] but got []
  000001e: error: EndFunctionBody callback failed
out/test/spec/local_set.wast:194: assert_invalid passed:
  error: type mismatch in implicit return, expected [f32] but got []
  0000021: error: EndFunctionBody callback failed
out/test/spec/local_set.wast:198: assert_invalid passed:
  error: type mismatch in implicit return, expected [f64] but got []
  0000025: error: EndFunctionBody callback failed
out/test/spec/local_set.wast:206: assert_invalid passed:
  error: type mismatch in local.set, expected [i32] but got [f32]
  0000021: error: OnLocalSetExpr callback failed
out/test/spec/local_set.wast:210: assert_invalid passed:
  error: type mismatch in local.set, expected [i32] but got [f32]
  0000022: error: OnLocalSetExpr callback failed
out/test/spec/local_set.wast:214: assert_invalid passed:
  error: type mismatch in local.set, expected [f64] but got [i64]
  0000020: error: OnLocalSetExpr callback failed
out/test/spec/local_set.wast:222: assert_invalid passed:
  error: invalid local_index: 3 (max 2)
  000001f: error: OnLocalSetExpr callback failed
out/test/spec/local_set.wast:226: assert_invalid passed:
  error: invalid local_index: 14324343 (max 2)
  0000022: error: OnLocalSetExpr callback failed
out/test/spec/local_set.wast:231: assert_invalid passed:
  error: invalid local_index: 2 (max 2)
  000001d: error: OnLocalSetExpr callback failed
out/test/spec/local_set.wast:235: assert_invalid passed:
  error: invalid local_index: 714324343 (max 2)
  0000021: error: OnLocalSetExpr callback failed
out/test/spec/local_set.wast:240: assert_invalid passed:
  error: invalid local_index: 3 (max 3)
  0000020: error: OnLocalSetExpr callback failed
out/test/spec/local_set.wast:244: assert_invalid passed:
  error: invalid local_index: 214324343 (max 3)
  0000023: error: OnLocalSetExpr callback failed
40/40 tests passed.
;;; STDOUT ;;)
